<?xml version="1.0" encoding="UTF-8"?>
<!-- Generated by org.testng.reporters.JUnitReportReporter -->
<testsuite name="test.test_art.AppTest" tests="1" time="72.694" ignored="0" failures="0" timestamp="08 Jul 2017 07:28:11 GMT" skipped="0" hostname="LAPTOP-31SKV446" errors="0">
  <testcase name="testing" time="72.694" classname="test.test_art.AppTest"/>
</testsuite> <!-- test.test_art.AppTest -->
