<?xml version="1.0" encoding="UTF-8"?>
<!-- Generated by org.testng.reporters.JUnitReportReporter -->
<testsuite name="test.test_art.AppTest" tests="1" time="12.070" ignored="0" failures="0" timestamp="06 Jul 2017 20:39:22 GMT" skipped="0" hostname="LAPTOP-31SKV446" errors="0">
  <testcase name="testing" time="12.070" classname="test.test_art.AppTest"/>
</testsuite> <!-- test.test_art.AppTest -->
