<?xml version="1.0" encoding="UTF-8"?>
<!-- Generated by org.testng.reporters.JUnitReportReporter -->
<testsuite name="test.test_art.AppTest" tests="1" time="43.463" ignored="0" failures="0" timestamp="09 Jul 2017 06:12:03 GMT" skipped="0" hostname="LAPTOP-31SKV446" errors="0">
  <testcase name="testing" time="43.463" classname="test.test_art.AppTest"/>
</testsuite> <!-- test.test_art.AppTest -->
